#
# A fatal error has been detected by the Java Runtime Environment:
#
#  EXCEPTION_ACCESS_VIOLATION (0xc0000005) at pc=0x00000216df641066, pid=12052, tid=0x00000000000032e8
#
# JRE version: OpenJDK Runtime Environment (8.0_265-b01) (build 1.8.0_265-b01)
# Java VM: OpenJDK 64-Bit Server VM (25.265-b01 mixed mode windows-amd64 compressed oops)
# Problematic frame:
# C  [OpenAL64.dll+0x11066]
#
# Failed to write core dump. Minidumps are not enabled by default on client versions of Windows
#
# If you would like to submit a bug report, please visit:
#   http://bugreport.java.com/bugreport/crash.jsp
# The crash happened outside the Java Virtual Machine in native code.
# See problematic frame for where to report the bug.
#

---------------  T H R E A D  ---------------

Current thread (0x00000216c621a000):  JavaThread "main" [_thread_in_native, id=13032, stack(0x000000c1d4600000,0x000000c1d4700000)]

siginfo: ExceptionCode=0xc0000005, reading address 0x00000216df9f9004

Registers:
RAX=0x0000000000000001, RBX=0x00000216e0cb0090, RCX=0x00000216df9f9008, RDX=0x00000216df9f9004
RSP=0x000000c1d46fba70, RBP=0x00000000000000ff, RSI=0x00000216df9e94fc, RDI=0x0000000000000000
R8 =0x0000000000003ec2, R9 =0x00000216df9e94fc, R10=0x00000216c7b19622, R11=0x000000006cceea10
R12=0x0000000000000001, R13=0x00000216e087e240, R14=0x000000c1d46fbc10, R15=0x00000216c621a000
RIP=0x00000216df641066, EFLAGS=0x0000000000010202

Top of Stack: (sp=0x000000c1d46fba70)
0x000000c1d46fba70:   0000000000000000 0000000000000000
0x000000c1d46fba80:   0000000000000000 00000216c621a000
0x000000c1d46fba90:   000000c1d46fbc10 00000216e087e240
0x000000c1d46fbaa0:   00000216c621a000 00000216c6209930
0x000000c1d46fbab0:   00000216e087e240 0000000000000000
0x000000c1d46fbac0:   00000216c61e4840 000000006cb895a5
0x000000c1d46fbad0:   000000c1d46fc3a0 00000216c621a700
0x000000c1d46fbae0:   00000216c621a000 000000c1d46fbc10
0x000000c1d46fbaf0:   00000216e087e240 0000000000000000
0x000000c1d46fbb00:   00000216df9e94fc 0000000000000248
0x000000c1d46fbb10:   000000c1d46fbbd8 00000216df64248f
0x000000c1d46fbb20:   00000216e0cb0090 00000216e0cb0090
0x000000c1d46fbb30:   000000000000ac44 0000021600000001
0x000000c1d46fbb40:   00000216c7b07bd0 00000216c7b1964e
0x000000c1d46fbb50:   00000216e087e240 000000c1d46fbb58
0x000000c1d46fbb60:   00000216c7b07bd0 00000216c7b1935b 

Instructions: (pc=0x00000216df641066)
0x00000216df641046:   41 2b ec 81 3a 03 00 02 00 75 09 8b 01 89 84 24
0x00000216df641056:   c8 00 00 00 49 83 c0 02 48 83 c1 08 4a 8d 14 86
0x00000216df641066:   39 3a 75 af 4c 8d 84 24 c0 00 00 00 48 8d 15 d7
0x00000216df641076:   2b 03 00 33 c9 e8 58 5f 00 00 b8 40 1f 00 00 4c 


Register to memory mapping:

RAX=0x0000000000000001 is an unknown value
RBX=0x00000216e0cb0090 is an unknown value
RCX=0x00000216df9f9008 is an unknown value
RDX=0x00000216df9f9004 is an unknown value
RSP=0x000000c1d46fba70 is pointing into the stack for thread: 0x00000216c621a000
RBP=0x00000000000000ff is an unknown value
RSI=0x00000216df9e94fc is an unknown value
RDI=0x0000000000000000 is an unknown value
R8 =0x0000000000003ec2 is an unknown value
R9 =0x00000216df9e94fc is an unknown value
R10=0x00000216c7b19622 is at code_begin+962 in an Interpreter codelet
method entry point (kind = native)  [0x00000216c7b19260, 0x00000216c7b19d00]  2720 bytes
R11=0x000000006cceea10 is an unknown value
R12=0x0000000000000001 is an unknown value
R13={method} {0x00000216e087e248} 'nalcCreateContext' '(JJ)J' in 'org/lwjgl/openal/ALC10'
R14=0x000000c1d46fbc10 is pointing into the stack for thread: 0x00000216c621a000
R15=0x00000216c621a000 is a thread


Stack: [0x000000c1d4600000,0x000000c1d4700000],  sp=0x000000c1d46fba70,  free space=1006k
Native frames: (J=compiled Java code, j=interpreted, Vv=VM code, C=native code)
C  [OpenAL64.dll+0x11066]
C  [OpenAL64.dll+0x1248f]
C  0x00000216c7b1964e

Java frames: (J=compiled Java code, j=interpreted, Vv=VM code)
j  org.lwjgl.openal.ALC10.nalcCreateContext(JJ)J+0
j  org.lwjgl.openal.ALC10.alcCreateContext(Lorg/lwjgl/openal/ALCdevice;Ljava/nio/IntBuffer;)Lorg/lwjgl/openal/ALCcontext;+8
j  org.lwjgl.openal.AL.init(Ljava/lang/String;IIZZ)V+69
j  org.lwjgl.openal.AL.create(Ljava/lang/String;IIZZ)V+246
j  org.lwjgl.openal.AL.create(Ljava/lang/String;IIZ)V+5
j  org.lwjgl.openal.AL.create()V+6
j  com.badlogic.gdx.backends.lwjgl.audio.OpenALAudio.<init>(III)V+114
j  com.badlogic.gdx.backends.lwjgl.LwjglApplication.<init>(Lcom/badlogic/gdx/ApplicationListener;Lcom/badlogic/gdx/backends/lwjgl/LwjglApplicationConfiguration;Lcom/badlogic/gdx/backends/lwjgl/LwjglGraphics;)V+120
j  com.badlogic.gdx.backends.lwjgl.LwjglApplication.<init>(Lcom/badlogic/gdx/ApplicationListener;Lcom/badlogic/gdx/backends/lwjgl/LwjglApplicationConfiguration;)V+11
j  org.uqbar.project.wollok.game.gameboard.WollokGDXApplication.<init>(Lorg/uqbar/project/wollok/game/gameboard/Gameboard;Ljava/lang/Boolean;)V+17
j  org.uqbar.project.wollok.game.helpers.Application.start(Lorg/uqbar/project/wollok/game/gameboard/Gameboard;Ljava/lang/Boolean;)V+5
j  org.uqbar.project.wollok.game.gameboard.Gameboard.start(Ljava/lang/Boolean;)V+13
j  wollok.game.GameObject.doStart(Ljava/lang/Boolean;)V+12
v  ~StubRoutines::call_stub
J 3153  sun.reflect.NativeMethodAccessorImpl.invoke0(Ljava/lang/reflect/Method;Ljava/lang/Object;[Ljava/lang/Object;)Ljava/lang/Object; (0 bytes) @ 0x00000216c84da13f [0x00000216c84da0c0+0x7f]
J 3152 C1 sun.reflect.NativeMethodAccessorImpl.invoke(Ljava/lang/Object;[Ljava/lang/Object;)Ljava/lang/Object; (104 bytes) @ 0x00000216c84d9844 [0x00000216c84d94a0+0x3a4]
J 3370 C2 java.lang.reflect.Method.invoke(Ljava/lang/Object;[Ljava/lang/Object;)Ljava/lang/Object; (62 bytes) @ 0x00000216c8591fd0 [0x00000216c8591f00+0xd0]
J 4370 C1 org.uqbar.project.wollok.ui.utils.XTendUtilExtensions.invokeConvertingArgs(Ljava/lang/reflect/Method;Ljava/lang/Object;[Ljava/lang/Object;)Lorg/uqbar/project/wollok/interpreter/core/WollokObject; (368 bytes) @ 0x00000216c8193fc4 [0x00000216c8192400+0x1bc4]
J 3554 C1 org.uqbar.project.wollok.interpreter.AbstractWollokCallable._invokeNative(Ljava/lang/Object;Ljava/lang/String;[Lorg/uqbar/project/wollok/interpreter/core/WollokObject;)Lorg/uqbar/project/wollok/interpreter/core/WollokObject; (49 bytes) @ 0x00000216c865d9a4 [0x00000216c865d700+0x2a4]
J 3655 C1 org.uqbar.project.wollok.interpreter.AbstractWollokCallable.invokeNative(Ljava/lang/Object;Ljava/lang/String;[Lorg/uqbar/project/wollok/interpreter/core/WollokObject;)Lorg/uqbar/project/wollok/interpreter/core/WollokObject; (76 bytes) @ 0x00000216c86ca96c [0x00000216c86c9d20+0xc4c]
J 4404 C1 org.uqbar.project.wollok.interpreter.AbstractWollokCallable$1.apply()Lorg/uqbar/project/wollok/interpreter/core/WollokObject; (145 bytes) @ 0x00000216c7e0048c [0x00000216c7dffe40+0x64c]
J 4217 C2 org.uqbar.project.wollok.interpreter.AbstractWollokCallable$1.apply()Ljava/lang/Object; (5 bytes) @ 0x00000216c8895b14 [0x00000216c8895ae0+0x34]
J 4123 C2 org.uqbar.project.wollok.interpreter.threads.WThread.performOnStack(Lorg/eclipse/emf/ecore/EObject;Lorg/uqbar/project/wollok/interpreter/context/EvaluationContext;Lorg/eclipse/xtext/xbase/lib/Functions$Function0;)Lorg/uqbar/project/wollok/interpreter/core/WollokObject; (157 bytes) @ 0x00000216c8887150 [0x00000216c8886f20+0x230]
J 3440 C1 org.uqbar.project.wollok.interpreter.AbstractWollokCallable.call(Lorg/uqbar/project/wollok/wollokDsl/WMethodDeclaration;[Lorg/uqbar/project/wollok/interpreter/core/WollokObject;)Lorg/uqbar/project/wollok/interpreter/core/WollokObject; (46 bytes) @ 0x00000216c85c1014 [0x00000216c85c0c00+0x414]
J 4369 C1 org.uqbar.project.wollok.interpreter.core.WollokObject.call(Ljava/lang/String;[Lorg/uqbar/project/wollok/interpreter/core/WollokObject;)Lorg/uqbar/project/wollok/interpreter/core/WollokObject; (61 bytes) @ 0x00000216c7c2e2bc [0x00000216c7c2dc00+0x6bc]
J 4368 C1 org.uqbar.project.wollok.interpreter.WollokInterpreterEvaluator._evaluate(Lorg/uqbar/project/wollok/wollokDsl/WFeatureCall;)Lorg/uqbar/project/wollok/interpreter/core/WollokObject; (125 bytes) @ 0x00000216c81056e4 [0x00000216c8104540+0x11a4]
J 4287 C1 org.uqbar.project.wollok.launch.WollokLauncherInterpreterEvaluator.evaluate(Lorg/eclipse/emf/ecore/EObject;)Lorg/uqbar/project/wollok/interpreter/core/WollokObject; (502 bytes) @ 0x00000216c8941a6c [0x00000216c893d8c0+0x41ac]
J 3991 C2 org.uqbar.project.wollok.interpreter.WollokInterpreter.eval(Lorg/eclipse/emf/ecore/EObject;)Lorg/uqbar/project/wollok/interpreter/core/WollokObject; (190 bytes) @ 0x00000216c7c3c290 [0x00000216c7c3bfa0+0x2f0]
J 3536 C1 org.uqbar.project.wollok.interpreter.WollokInterpreterEvaluator$1.apply(Ljava/lang/Object;Ljava/lang/Object;)Ljava/lang/Object; (13 bytes) @ 0x00000216c863cb24 [0x00000216c863c7a0+0x384]
J 4288 C2 org.eclipse.xtext.xbase.lib.IteratorExtensions.fold(Ljava/util/Iterator;Ljava/lang/Object;Lorg/eclipse/xtext/xbase/lib/Functions$Function2;)Ljava/lang/Object; (30 bytes) @ 0x00000216c7e37444 [0x00000216c7e373e0+0x64]
J 3627 C1 org.uqbar.project.wollok.interpreter.WollokInterpreterEvaluator._evaluate(Lorg/uqbar/project/wollok/wollokDsl/WBlockExpression;)Lorg/uqbar/project/wollok/interpreter/core/WollokObject; (40 bytes) @ 0x00000216c86afe14 [0x00000216c86af1c0+0xc54]
J 4287 C1 org.uqbar.project.wollok.launch.WollokLauncherInterpreterEvaluator.evaluate(Lorg/eclipse/emf/ecore/EObject;)Lorg/uqbar/project/wollok/interpreter/core/WollokObject; (502 bytes) @ 0x00000216c894521c [0x00000216c893d8c0+0x795c]
J 3991 C2 org.uqbar.project.wollok.interpreter.WollokInterpreter.eval(Lorg/eclipse/emf/ecore/EObject;)Lorg/uqbar/project/wollok/interpreter/core/WollokObject; (190 bytes) @ 0x00000216c7c3c290 [0x00000216c7c3bfa0+0x2f0]
J 4404 C1 org.uqbar.project.wollok.interpreter.AbstractWollokCallable$1.apply()Lorg/uqbar/project/wollok/interpreter/core/WollokObject; (145 bytes) @ 0x00000216c7e007a4 [0x00000216c7dffe40+0x964]
J 4217 C2 org.uqbar.project.wollok.interpreter.AbstractWollokCallable$1.apply()Ljava/lang/Object; (5 bytes) @ 0x00000216c8895b14 [0x00000216c8895ae0+0x34]
J 4123 C2 org.uqbar.project.wollok.interpreter.threads.WThread.performOnStack(Lorg/eclipse/emf/ecore/EObject;Lorg/uqbar/project/wollok/interpreter/context/EvaluationContext;Lorg/eclipse/xtext/xbase/lib/Functions$Function0;)Lorg/uqbar/project/wollok/interpreter/core/WollokObject; (157 bytes) @ 0x00000216c8887150 [0x00000216c8886f20+0x230]
J 3440 C1 org.uqbar.project.wollok.interpreter.AbstractWollokCallable.call(Lorg/uqbar/project/wollok/wollokDsl/WMethodDeclaration;[Lorg/uqbar/project/wollok/interpreter/core/WollokObject;)Lorg/uqbar/project/wollok/interpreter/core/WollokObject; (46 bytes) @ 0x00000216c85c1014 [0x00000216c85c0c00+0x414]
J 4369 C1 org.uqbar.project.wollok.interpreter.core.WollokObject.call(Ljava/lang/String;[Lorg/uqbar/project/wollok/interpreter/core/WollokObject;)Lorg/uqbar/project/wollok/interpreter/core/WollokObject; (61 bytes) @ 0x00000216c7c2e2bc [0x00000216c7c2dc00+0x6bc]
J 4368 C1 org.uqbar.project.wollok.interpreter.WollokInterpreterEvaluator._evaluate(Lorg/uqbar/project/wollok/wollokDsl/WFeatureCall;)Lorg/uqbar/project/wollok/interpreter/core/WollokObject; (125 bytes) @ 0x00000216c81056e4 [0x00000216c8104540+0x11a4]
J 4287 C1 org.uqbar.project.wollok.launch.WollokLauncherInterpreterEvaluator.evaluate(Lorg/eclipse/emf/ecore/EObject;)Lorg/uqbar/project/wollok/interpreter/core/WollokObject; (502 bytes) @ 0x00000216c8941a6c [0x00000216c893d8c0+0x41ac]
J 3991 C2 org.uqbar.project.wollok.interpreter.WollokInterpreter.eval(Lorg/eclipse/emf/ecore/EObject;)Lorg/uqbar/project/wollok/interpreter/core/WollokObject; (190 bytes) @ 0x00000216c7c3c290 [0x00000216c7c3bfa0+0x2f0]
J 3536 C1 org.uqbar.project.wollok.interpreter.WollokInterpreterEvaluator$1.apply(Ljava/lang/Object;Ljava/lang/Object;)Ljava/lang/Object; (13 bytes) @ 0x00000216c863cb24 [0x00000216c863c7a0+0x384]
j  org.eclipse.xtext.xbase.lib.IteratorExtensions.fold(Ljava/util/Iterator;Ljava/lang/Object;Lorg/eclipse/xtext/xbase/lib/Functions$Function2;)Ljava/lang/Object;+19
j  org.eclipse.xtext.xbase.lib.IterableExtensions.fold(Ljava/lang/Iterable;Ljava/lang/Object;Lorg/eclipse/xtext/xbase/lib/Functions$Function2;)Ljava/lang/Object;+8
j  org.uqbar.project.wollok.interpreter.WollokInterpreterEvaluator.evalAll(Ljava/lang/Iterable;)Lorg/uqbar/project/wollok/interpreter/core/WollokObject;+12
j  org.uqbar.project.wollok.interpreter.WollokInterpreterEvaluator._evaluate(Lorg/uqbar/project/wollok/wollokDsl/WBlockExpression;)Lorg/uqbar/project/wollok/interpreter/core/WollokObject;+34
j  org.uqbar.project.wollok.launch.WollokLauncherInterpreterEvaluator.evaluate(Lorg/eclipse/emf/ecore/EObject;)Lorg/uqbar/project/wollok/interpreter/core/WollokObject;+76
j  org.uqbar.project.wollok.interpreter.WollokInterpreterEvaluator.evaluate(Lorg/eclipse/emf/ecore/EObject;)Ljava/lang/Object;+2
j  org.uqbar.project.wollok.interpreter.WollokInterpreter.eval(Lorg/eclipse/emf/ecore/EObject;)Lorg/uqbar/project/wollok/interpreter/core/WollokObject;+63
j  org.uqbar.project.wollok.interpreter.AbstractWollokCallable.eval(Lorg/eclipse/emf/ecore/EObject;)Lorg/uqbar/project/wollok/interpreter/core/WollokObject;+5
j  org.uqbar.project.wollok.interpreter.AbstractWollokCallable$1.apply()Lorg/uqbar/project/wollok/interpreter/core/WollokObject;+110
j  org.uqbar.project.wollok.interpreter.AbstractWollokCallable$1.apply()Ljava/lang/Object;+1
j  org.uqbar.project.wollok.interpreter.threads.WThread.performOnStack(Lorg/eclipse/emf/ecore/EObject;Lorg/uqbar/project/wollok/interpreter/context/EvaluationContext;Lorg/eclipse/xtext/xbase/lib/Functions$Function0;)Lorg/uqbar/project/wollok/interpreter/core/WollokObject;+29
j  org.uqbar.project.wollok.interpreter.WollokInterpreter.performOnStack(Lorg/eclipse/emf/ecore/EObject;Lorg/uqbar/project/wollok/interpreter/context/EvaluationContext;Lorg/eclipse/xtext/xbase/lib/Functions$Function0;)Lorg/uqbar/project/wollok/interpreter/core/WollokObject;+7
j  org.uqbar.project.wollok.interpreter.AbstractWollokCallable.call(Lorg/uqbar/project/wollok/wollokDsl/WMethodDeclaration;[Lorg/uqbar/project/wollok/interpreter/core/WollokObject;)Lorg/uqbar/project/wollok/interpreter/core/WollokObject;+38
j  org.uqbar.project.wollok.interpreter.core.WollokObject.call(Ljava/lang/String;[Lorg/uqbar/project/wollok/interpreter/core/WollokObject;)Lorg/uqbar/project/wollok/interpreter/core/WollokObject;+55
j  org.uqbar.project.wollok.interpreter.WollokInterpreterEvaluator._evaluate(Lorg/uqbar/project/wollok/wollokDsl/WFeatureCall;)Lorg/uqbar/project/wollok/interpreter/core/WollokObject;+119
j  org.uqbar.project.wollok.launch.WollokLauncherInterpreterEvaluator.evaluate(Lorg/eclipse/emf/ecore/EObject;)Lorg/uqbar/project/wollok/interpreter/core/WollokObject;+412
j  org.uqbar.project.wollok.interpreter.WollokInterpreterEvaluator.evaluate(Lorg/eclipse/emf/ecore/EObject;)Ljava/lang/Object;+2
j  org.uqbar.project.wollok.interpreter.WollokInterpreter.eval(Lorg/eclipse/emf/ecore/EObject;)Lorg/uqbar/project/wollok/interpreter/core/WollokObject;+63
j  org.uqbar.project.wollok.interpreter.WollokInterpreterEvaluator.eval(Lorg/eclipse/emf/ecore/EObject;)Lorg/uqbar/project/wollok/interpreter/core/WollokObject;+5
j  org.uqbar.project.wollok.interpreter.WollokInterpreterEvaluator$1.apply(Lorg/uqbar/project/wollok/interpreter/core/WollokObject;Lorg/eclipse/emf/ecore/EObject;)Lorg/uqbar/project/wollok/interpreter/core/WollokObject;+5
j  org.uqbar.project.wollok.interpreter.WollokInterpreterEvaluator$1.apply(Ljava/lang/Object;Ljava/lang/Object;)Ljava/lang/Object;+9
j  org.eclipse.xtext.xbase.lib.IteratorExtensions.fold(Ljava/util/Iterator;Ljava/lang/Object;Lorg/eclipse/xtext/xbase/lib/Functions$Function2;)Ljava/lang/Object;+19
j  org.eclipse.xtext.xbase.lib.IterableExtensions.fold(Ljava/lang/Iterable;Ljava/lang/Object;Lorg/eclipse/xtext/xbase/lib/Functions$Function2;)Ljava/lang/Object;+8
j  org.uqbar.project.wollok.interpreter.WollokInterpreterEvaluator.evalAll(Ljava/lang/Iterable;)Lorg/uqbar/project/wollok/interpreter/core/WollokObject;+12
j  org.uqbar.project.wollok.interpreter.WollokInterpreterEvaluator._evaluate(Lorg/uqbar/project/wollok/wollokDsl/WProgram;)Lorg/uqbar/project/wollok/interpreter/core/WollokObject;+18
j  org.uqbar.project.wollok.launch.WollokLauncherInterpreterEvaluator.evaluate(Lorg/eclipse/emf/ecore/EObject;)Lorg/uqbar/project/wollok/interpreter/core/WollokObject;+444
j  org.uqbar.project.wollok.interpreter.WollokInterpreterEvaluator.evaluate(Lorg/eclipse/emf/ecore/EObject;)Ljava/lang/Object;+2
j  org.uqbar.project.wollok.interpreter.WollokInterpreter.eval(Lorg/eclipse/emf/ecore/EObject;)Lorg/uqbar/project/wollok/interpreter/core/WollokObject;+63
j  org.uqbar.project.wollok.interpreter.WollokInterpreterEvaluator.eval(Lorg/eclipse/emf/ecore/EObject;)Lorg/uqbar/project/wollok/interpreter/core/WollokObject;+5
j  org.uqbar.project.wollok.launch.WollokLauncherInterpreterEvaluator._evaluate(Lorg/uqbar/project/wollok/wollokDsl/WFile;)Lorg/uqbar/project/wollok/interpreter/core/WollokObject;+32
j  org.uqbar.project.wollok.launch.WollokLauncherInterpreterEvaluator.evaluate(Lorg/eclipse/emf/ecore/EObject;)Lorg/uqbar/project/wollok/interpreter/core/WollokObject;+428
j  org.uqbar.project.wollok.interpreter.WollokInterpreterEvaluator.evaluate(Lorg/eclipse/emf/ecore/EObject;)Ljava/lang/Object;+2
j  org.uqbar.project.wollok.interpreter.WollokInterpreter.interpret(Lorg/eclipse/emf/ecore/EObject;Ljava/lang/Boolean;)Lorg/uqbar/project/wollok/interpreter/core/WollokObject;+25
j  org.uqbar.project.wollok.interpreter.WollokInterpreter.interpret(Lorg/eclipse/emf/ecore/EObject;)Lorg/uqbar/project/wollok/interpreter/core/WollokObject;+8
j  org.uqbar.project.wollok.launch.WollokLauncher.doSomething(Lorg/uqbar/project/wollok/wollokDsl/WFile;Lcom/google/inject/Injector;Ljava/io/File;Lorg/uqbar/project/wollok/launch/WollokLauncherParameters;)V+109
j  org.uqbar.project.wollok.launch.WollokChecker.launch(Ljava/lang/String;Lorg/uqbar/project/wollok/launch/WollokLauncherParameters;)V+31
j  org.uqbar.project.wollok.launch.WollokChecker.doMain([Ljava/lang/String;)V+205
j  org.uqbar.project.wollok.launch.WollokLauncher.main([Ljava/lang/String;)V+8
v  ~StubRoutines::call_stub

---------------  P R O C E S S  ---------------

Java Threads: ( => current thread )
  0x00000216ddc78800 JavaThread "com.google.inject.internal.util.$Finalizer" daemon [_thread_blocked, id=14224, stack(0x000000c1d5300000,0x000000c1d5400000)]
  0x00000216ddb27000 JavaThread "EMF Reference Cleaner" daemon [_thread_blocked, id=5652, stack(0x000000c1d5200000,0x000000c1d5300000)]
  0x00000216dc7ae000 JavaThread "Service Thread" daemon [_thread_blocked, id=6084, stack(0x000000c1d5000000,0x000000c1d5100000)]
  0x00000216dc78b000 JavaThread "C1 CompilerThread1" daemon [_thread_blocked, id=12236, stack(0x000000c1d4f00000,0x000000c1d5000000)]
  0x00000216dc73b800 JavaThread "C2 CompilerThread0" daemon [_thread_blocked, id=12048, stack(0x000000c1d4e00000,0x000000c1d4f00000)]
  0x00000216dc739000 JavaThread "Attach Listener" daemon [_thread_blocked, id=2208, stack(0x000000c1d4d00000,0x000000c1d4e00000)]
  0x00000216dc72d000 JavaThread "Signal Dispatcher" daemon [_thread_blocked, id=9316, stack(0x000000c1d4c00000,0x000000c1d4d00000)]
  0x00000216dc70f800 JavaThread "Finalizer" daemon [_thread_blocked, id=8544, stack(0x000000c1d4b00000,0x000000c1d4c00000)]
  0x00000216dc706000 JavaThread "Reference Handler" daemon [_thread_blocked, id=9408, stack(0x000000c1d4a00000,0x000000c1d4b00000)]
=>0x00000216c621a000 JavaThread "main" [_thread_in_native, id=13032, stack(0x000000c1d4600000,0x000000c1d4700000)]

Other Threads:
  0x00000216dc6e1800 VMThread [stack: 0x000000c1d4900000,0x000000c1d4a00000] [id=6620]
  0x00000216dc7b1000 WatcherThread [stack: 0x000000c1d5100000,0x000000c1d5200000] [id=12296]

VM state:not at safepoint (normal execution)

VM Mutex/Monitor currently owned by a thread: None

heap address: 0x0000000080800000, size: 2040 MB, Compressed Oops mode: 32-bit
Narrow klass base: 0x0000000000000000, Narrow klass shift: 3
Compressed class space size: 1073741824 Address: 0x0000000100000000

Heap:
 PSYoungGen      total 453120K, used 36331K [0x00000000d5800000, 0x00000000f2480000, 0x0000000100000000)
  eden space 440832K, 8% used [0x00000000d5800000,0x00000000d7ac2f28,0x00000000f0680000)
  from space 12288K, 5% used [0x00000000f1880000,0x00000000f1938000,0x00000000f2480000)
  to   space 15360K, 0% used [0x00000000f0680000,0x00000000f0680000,0x00000000f1580000)
 ParOldGen       total 85504K, used 20194K [0x0000000080800000, 0x0000000085b80000, 0x00000000d5800000)
  object space 85504K, 23% used [0x0000000080800000,0x0000000081bb8a38,0x0000000085b80000)
 Metaspace       used 22049K, capacity 22465K, committed 22704K, reserved 1069056K
  class space    used 2714K, capacity 2799K, committed 2816K, reserved 1048576K

Card table byte_map: [0x00000216d6ec0000,0x00000216d72c0000] byte_map_base: 0x00000216d6abc000

Marking Bits: (ParMarkBitMap*) 0x000000006d2d7790
 Begin Bits: [0x00000216d7570000, 0x00000216d9550000)
 End Bits:   [0x00000216d9550000, 0x00000216db530000)

Polling page: 0x00000216c62d0000

CodeCache: size=245760Kb used=13571Kb max_used=14523Kb free=232188Kb
 bounds [0x00000216c7b00000, 0x00000216c8950000, 0x00000216d6b00000]
 total_blobs=4265 nmethods=3825 adapters=352
 compilation: enabled

Compilation events (10 events):
Event: 26.288 Thread 0x00000216dc78b000 4429       3       java.nio.DirectByteBuffer::put (18 bytes)
Event: 26.289 Thread 0x00000216dc78b000 nmethod 4429 0x00000216c7d6a610 code [0x00000216c7d6a780, 0x00000216c7d6a9f8]
Event: 26.289 Thread 0x00000216dc78b000 4430       3       java.nio.DirectByteBuffer::ix (10 bytes)
Event: 26.289 Thread 0x00000216dc78b000 nmethod 4430 0x00000216c807a650 code [0x00000216c807a7a0, 0x00000216c807a8f8]
Event: 26.289 Thread 0x00000216dc78b000 4432       3       java.nio.DirectByteBuffer::put (18 bytes)
Event: 26.290 Thread 0x00000216dc78b000 nmethod 4432 0x00000216c808ff10 code [0x00000216c8090080, 0x00000216c80902f8]
Event: 26.290 Thread 0x00000216dc78b000 4433       1       java.nio.DirectByteBuffer::ix (10 bytes)
Event: 26.290 Thread 0x00000216dc78b000 nmethod 4433 0x00000216c807c790 code [0x00000216c807c8e0, 0x00000216c807c9f8]
Event: 26.298 Thread 0x00000216dc78b000 4434       3       java.lang.Class::getDeclaredMethod (67 bytes)
Event: 26.298 Thread 0x00000216dc78b000 nmethod 4434 0x00000216c81d9cd0 code [0x00000216c81d9f20, 0x00000216c81dabe0]

GC Heap History (10 events):
Event: 18.819 GC heap before
{Heap before GC invocations=15 (full 1):
 PSYoungGen      total 377856K, used 358688K [0x00000000d5800000, 0x00000000f0600000, 0x0000000100000000)
  eden space 357888K, 100% used [0x00000000d5800000,0x00000000eb580000,0x00000000eb580000)
  from space 19968K, 4% used [0x00000000eb580000,0x00000000eb648000,0x00000000ec900000)
  to   space 19456K, 0% used [0x00000000ef300000,0x00000000ef300000,0x00000000f0600000)
 ParOldGen       total 85504K, used 20194K [0x0000000080800000, 0x0000000085b80000, 0x00000000d5800000)
  object space 85504K, 23% used [0x0000000080800000,0x0000000081bb8a38,0x0000000085b80000)
 Metaspace       used 21073K, capacity 21391K, committed 21680K, reserved 1069056K
  class space    used 2608K, capacity 2700K, committed 2816K, reserved 1048576K
Event: 18.822 GC heap after
Heap after GC invocations=15 (full 1):
 PSYoungGen      total 405504K, used 832K [0x00000000d5800000, 0x00000000efd80000, 0x0000000100000000)
  eden space 394752K, 0% used [0x00000000d5800000,0x00000000d5800000,0x00000000ed980000)
  from space 10752K, 7% used [0x00000000ef300000,0x00000000ef3d0000,0x00000000efd80000)
  to   space 18432K, 0% used [0x00000000ed980000,0x00000000ed980000,0x00000000eeb80000)
 ParOldGen       total 85504K, used 20194K [0x0000000080800000, 0x0000000085b80000, 0x00000000d5800000)
  object space 85504K, 23% used [0x0000000080800000,0x0000000081bb8a38,0x0000000085b80000)
 Metaspace       used 21073K, capacity 21391K, committed 21680K, reserved 1069056K
  class space    used 2608K, capacity 2700K, committed 2816K, reserved 1048576K
}
Event: 20.396 GC heap before
{Heap before GC invocations=16 (full 1):
 PSYoungGen      total 405504K, used 395584K [0x00000000d5800000, 0x00000000efd80000, 0x0000000100000000)
  eden space 394752K, 100% used [0x00000000d5800000,0x00000000ed980000,0x00000000ed980000)
  from space 10752K, 7% used [0x00000000ef300000,0x00000000ef3d0000,0x00000000efd80000)
  to   space 18432K, 0% used [0x00000000ed980000,0x00000000ed980000,0x00000000eeb80000)
 ParOldGen       total 85504K, used 20194K [0x0000000080800000, 0x0000000085b80000, 0x00000000d5800000)
  object space 85504K, 23% used [0x0000000080800000,0x0000000081bb8a38,0x0000000085b80000)
 Metaspace       used 21074K, capacity 21391K, committed 21680K, reserved 1069056K
  class space    used 2608K, capacity 2700K, committed 2816K, reserved 1048576K
Event: 20.398 GC heap after
Heap after GC invocations=16 (full 1):
 PSYoungGen      total 413184K, used 832K [0x00000000d5800000, 0x00000000f1e80000, 0x0000000100000000)
  eden space 394752K, 0% used [0x00000000d5800000,0x00000000d5800000,0x00000000ed980000)
  from space 18432K, 4% used [0x00000000ed980000,0x00000000eda50000,0x00000000eeb80000)
  to   space 17920K, 0% used [0x00000000f0d00000,0x00000000f0d00000,0x00000000f1e80000)
 ParOldGen       total 85504K, used 20194K [0x0000000080800000, 0x0000000085b80000, 0x00000000d5800000)
  object space 85504K, 23% used [0x0000000080800000,0x0000000081bb8a38,0x0000000085b80000)
 Metaspace       used 21074K, capacity 21391K, committed 21680K, reserved 1069056K
  class space    used 2608K, capacity 2700K, committed 2816K, reserved 1048576K
}
Event: 21.939 GC heap before
{Heap before GC invocations=17 (full 1):
 PSYoungGen      total 413184K, used 395584K [0x00000000d5800000, 0x00000000f1e80000, 0x0000000100000000)
  eden space 394752K, 100% used [0x00000000d5800000,0x00000000ed980000,0x00000000ed980000)
  from space 18432K, 4% used [0x00000000ed980000,0x00000000eda50000,0x00000000eeb80000)
  to   space 17920K, 0% used [0x00000000f0d00000,0x00000000f0d00000,0x00000000f1e80000)
 ParOldGen       total 85504K, used 20194K [0x0000000080800000, 0x0000000085b80000, 0x00000000d5800000)
  object space 85504K, 23% used [0x0000000080800000,0x0000000081bb8a38,0x0000000085b80000)
 Metaspace       used 21074K, capacity 21391K, committed 21680K, reserved 1069056K
  class space    used 2608K, capacity 2700K, committed 2816K, reserved 1048576K
Event: 21.941 GC heap after
Heap after GC invocations=17 (full 1):
 PSYoungGen      total 435200K, used 832K [0x00000000d5800000, 0x00000000f1780000, 0x0000000100000000)
  eden space 424448K, 0% used [0x00000000d5800000,0x00000000d5800000,0x00000000ef680000)
  from space 10752K, 7% used [0x00000000f0d00000,0x00000000f0dd0000,0x00000000f1780000)
  to   space 16896K, 0% used [0x00000000ef680000,0x00000000ef680000,0x00000000f0700000)
 ParOldGen       total 85504K, used 20194K [0x0000000080800000, 0x0000000085b80000, 0x00000000d5800000)
  object space 85504K, 23% used [0x0000000080800000,0x0000000081bb8a38,0x0000000085b80000)
 Metaspace       used 21074K, capacity 21391K, committed 21680K, reserved 1069056K
  class space    used 2608K, capacity 2700K, committed 2816K, reserved 1048576K
}
Event: 23.649 GC heap before
{Heap before GC invocations=18 (full 1):
 PSYoungGen      total 435200K, used 425280K [0x00000000d5800000, 0x00000000f1780000, 0x0000000100000000)
  eden space 424448K, 100% used [0x00000000d5800000,0x00000000ef680000,0x00000000ef680000)
  from space 10752K, 7% used [0x00000000f0d00000,0x00000000f0dd0000,0x00000000f1780000)
  to   space 16896K, 0% used [0x00000000ef680000,0x00000000ef680000,0x00000000f0700000)
 ParOldGen       total 85504K, used 20194K [0x0000000080800000, 0x0000000085b80000, 0x00000000d5800000)
  object space 85504K, 23% used [0x0000000080800000,0x0000000081bb8a38,0x0000000085b80000)
 Metaspace       used 21074K, capacity 21391K, committed 21680K, reserved 1069056K
  class space    used 2608K, capacity 2700K, committed 2816K, reserved 1048576K
Event: 23.651 GC heap after
Heap after GC invocations=18 (full 1):
 PSYoungGen      total 441344K, used 800K [0x00000000d5800000, 0x00000000f2880000, 0x0000000100000000)
  eden space 424448K, 0% used [0x00000000d5800000,0x00000000d5800000,0x00000000ef680000)
  from space 16896K, 4% used [0x00000000ef680000,0x00000000ef748000,0x00000000f0700000)
  to   space 16384K, 0% used [0x00000000f1880000,0x00000000f1880000,0x00000000f2880000)
 ParOldGen       total 85504K, used 20194K [0x0000000080800000, 0x0000000085b80000, 0x00000000d5800000)
  object space 85504K, 23% used [0x0000000080800000,0x0000000081bb8a38,0x0000000085b80000)
 Metaspace       used 21074K, capacity 21391K, committed 21680K, reserved 1069056K
  class space    used 2608K, capacity 2700K, committed 2816K, reserved 1048576K
}
Event: 25.570 GC heap before
{Heap before GC invocations=19 (full 1):
 PSYoungGen      total 441344K, used 425248K [0x00000000d5800000, 0x00000000f2880000, 0x0000000100000000)
  eden space 424448K, 100% used [0x00000000d5800000,0x00000000ef680000,0x00000000ef680000)
  from space 16896K, 4% used [0x00000000ef680000,0x00000000ef748000,0x00000000f0700000)
  to   space 16384K, 0% used [0x00000000f1880000,0x00000000f1880000,0x00000000f2880000)
 ParOldGen       total 85504K, used 20194K [0x0000000080800000, 0x0000000085b80000, 0x00000000d5800000)
  object space 85504K, 23% used [0x0000000080800000,0x0000000081bb8a38,0x0000000085b80000)
 Metaspace       used 21135K, capacity 21519K, committed 21680K, reserved 1069056K
  class space    used 2611K, capacity 2700K, committed 2816K, reserved 1048576K
Event: 25.572 GC heap after
Heap after GC invocations=19 (full 1):
 PSYoungGen      total 453120K, used 736K [0x00000000d5800000, 0x00000000f2480000, 0x0000000100000000)
  eden space 440832K, 0% used [0x00000000d5800000,0x00000000d5800000,0x00000000f0680000)
  from space 12288K, 5% used [0x00000000f1880000,0x00000000f1938000,0x00000000f2480000)
  to   space 15360K, 0% used [0x00000000f0680000,0x00000000f0680000,0x00000000f1580000)
 ParOldGen       total 85504K, used 20194K [0x0000000080800000, 0x0000000085b80000, 0x00000000d5800000)
  object space 85504K, 23% used [0x0000000080800000,0x0000000081bb8a38,0x0000000085b80000)
 Metaspace       used 21135K, capacity 21519K, committed 21680K, reserved 1069056K
  class space    used 2611K, capacity 2700K, committed 2816K, reserved 1048576K
}

Deoptimization events (10 events):
Event: 25.547 Thread 0x00000216c621a000 Uncommon trap: reason=class_check action=maybe_recompile pc=0x00000216c88c24d4 method=org.uqbar.project.wollok.interpreter.WollokInterpreterEvaluator.getWKObject(Ljava/lang/String;Lorg/eclipse/emf/ecore/EObject;)Lorg/uqbar/project/wollok/interpreter/core/
Event: 25.547 Thread 0x00000216c621a000 Uncommon trap: reason=class_check action=maybe_recompile pc=0x00000216c88dc830 method=org.uqbar.project.wollok.interpreter.WollokInterpreterEvaluator.getWKObject(Ljava/lang/String;Lorg/eclipse/emf/ecore/EObject;)Lorg/uqbar/project/wollok/interpreter/core/
Event: 25.577 Thread 0x00000216c621a000 Uncommon trap: reason=null_check action=make_not_entrant pc=0x00000216c887ece0 method=org.eclipse.emf.common.util.URI$Hierarchical.getCachedString()Ljava/lang/String; @ 13
Event: 25.599 Thread 0x00000216c621a000 Uncommon trap: reason=unstable_if action=reinterpret pc=0x00000216c88f86b4 method=org.uqbar.project.wollok.interpreter.nativeobj.WollokJavaConversions.convertJavaToWollok(Ljava/lang/Object;)Lorg/uqbar/project/wollok/interpreter/core/WollokObject; @ 19
Event: 25.683 Thread 0x00000216c621a000 Uncommon trap: reason=unstable_if action=reinterpret pc=0x00000216c88afae8 method=java.lang.Class.privateGetPublicMethods()[Ljava/lang/reflect/Method; @ 18
Event: 25.706 Thread 0x00000216c621a000 Uncommon trap: reason=unstable_if action=reinterpret pc=0x00000216c8869118 method=java.math.BigDecimal.intValue()I @ 15
Event: 25.731 Thread 0x00000216c621a000 Uncommon trap: reason=unstable_if action=reinterpret pc=0x00000216c7c8bda8 method=org.uqbar.project.wollok.model.WMethodContainerExtensions.matches(Lorg/uqbar/project/wollok/wollokDsl/WMethodDeclaration;Ljava/lang/String;IZ)Z @ 130
Event: 25.756 Thread 0x00000216c621a000 Uncommon trap: reason=unstable_if action=reinterpret pc=0x00000216c7c4acf8 method=java.lang.Class.privateGetPublicMethods()[Ljava/lang/reflect/Method; @ 18
Event: 25.790 Thread 0x00000216c621a000 Uncommon trap: reason=unstable_if action=reinterpret pc=0x00000216c7eb427c method=java.io.WinNTFileSystem.normalize(Ljava/lang/String;)Ljava/lang/String; @ 49
Event: 25.804 Thread 0x00000216c621a000 Uncommon trap: reason=unstable_if action=reinterpret pc=0x00000216c7cfa708 method=java.lang.ThreadLocal$ThreadLocalMap.getEntry(Ljava/lang/ThreadLocal;)Ljava/lang/ThreadLocal$ThreadLocalMap$Entry; @ 29

Classes redefined (0 events):
No events

Internal exceptions (10 events):
Event: 4.524 Thread 0x00000216c621a000 Exception <a 'java/io/FileNotFoundException'> (0x00000000d8263650) thrown at [J:\jenkins\tmp\workspace\build\src\hotspot\src\share\vm\prims\jni.cpp, line 711]
Event: 6.654 Thread 0x00000216c621a000 Implicit null exception at 0x00000216c8661710 to 0x00000216c866175d
Event: 25.577 Thread 0x00000216c621a000 Implicit null exception at 0x00000216c887d17c to 0x00000216c887ecd1
Event: 25.683 Thread 0x00000216c621a000 Implicit null exception at 0x00000216c88aaa7b to 0x00000216c88afa9d
Event: 26.297 Thread 0x00000216c621a000 Exception <a 'java/security/PrivilegedActionException'> (0x00000000d76aace8) thrown at [J:\jenkins\tmp\workspace\build\src\hotspot\src\share\vm\prims\jvm.cpp, line 1512]
Event: 26.297 Thread 0x00000216c621a000 Exception <a 'java/security/PrivilegedActionException'> (0x00000000d76ac218) thrown at [J:\jenkins\tmp\workspace\build\src\hotspot\src\share\vm\prims\jvm.cpp, line 1512]
Event: 26.298 Thread 0x00000216c621a000 Exception <a 'java/security/PrivilegedActionException'> (0x00000000d76ad648) thrown at [J:\jenkins\tmp\workspace\build\src\hotspot\src\share\vm\prims\jvm.cpp, line 1512]
Event: 26.298 Thread 0x00000216c621a000 Exception <a 'java/security/PrivilegedActionException'> (0x00000000d76aed08) thrown at [J:\jenkins\tmp\workspace\build\src\hotspot\src\share\vm\prims\jvm.cpp, line 1512]
Event: 26.298 Thread 0x00000216c621a000 Exception <a 'java/security/PrivilegedActionException'> (0x00000000d76b0100) thrown at [J:\jenkins\tmp\workspace\build\src\hotspot\src\share\vm\prims\jvm.cpp, line 1512]
Event: 26.298 Thread 0x00000216c621a000 Exception <a 'java/security/PrivilegedActionException'> (0x00000000d76b14c8) thrown at [J:\jenkins\tmp\workspace\build\src\hotspot\src\share\vm\prims\jvm.cpp, line 1512]

Events (10 events):
Event: 26.322 loading class org/lwjgl/openal/ALCdevice
Event: 26.322 loading class org/lwjgl/openal/ALCdevice done
Event: 26.322 loading class org/lwjgl/openal/ALCcontext
Event: 26.322 loading class org/lwjgl/openal/ALCcontext done
Event: 26.323 loading class java/nio/DirectIntBufferU
Event: 26.323 loading class java/nio/DirectIntBufferU done
Event: 26.323 loading class org/lwjgl/openal/Util
Event: 26.323 loading class org/lwjgl/openal/Util done
Event: 26.324 loading class org/lwjgl/openal/OpenALException
Event: 26.324 loading class org/lwjgl/openal/OpenALException done


Dynamic libraries:
0x00007ff7fcd40000 - 0x00007ff7fcd7a000 	C:\Program Files\AdoptOpenJDK\jdk-8.0.265.01-hotspot\bin\javaw.exe
0x00007ffb4b3c0000 - 0x00007ffb4b5b0000 	C:\Windows\SYSTEM32\ntdll.dll
0x00007ffb49800000 - 0x00007ffb498b2000 	C:\Windows\System32\KERNEL32.DLL
0x00007ffb49070000 - 0x00007ffb49314000 	C:\Windows\System32\KERNELBASE.dll
0x00007ffb4a2d0000 - 0x00007ffb4a373000 	C:\Windows\System32\ADVAPI32.dll
0x00007ffb49d50000 - 0x00007ffb49dee000 	C:\Windows\System32\msvcrt.dll
0x00007ffb4b280000 - 0x00007ffb4b317000 	C:\Windows\System32\sechost.dll
0x00007ffb49c30000 - 0x00007ffb49d50000 	C:\Windows\System32\RPCRT4.dll
0x00007ffb4ada0000 - 0x00007ffb4af35000 	C:\Windows\System32\USER32.dll
0x00007ffb48340000 - 0x00007ffb48361000 	C:\Windows\System32\win32u.dll
0x00007ffb49c00000 - 0x00007ffb49c26000 	C:\Windows\System32\GDI32.dll
0x00007ffb48c50000 - 0x00007ffb48de6000 	C:\Windows\System32\gdi32full.dll
0x00007ffb48fa0000 - 0x00007ffb4903e000 	C:\Windows\System32\msvcp_win.dll
0x00007ffb48ea0000 - 0x00007ffb48f9a000 	C:\Windows\System32\ucrtbase.dll
0x00007ffb3eeb0000 - 0x00007ffb3f134000 	C:\Windows\WinSxS\amd64_microsoft.windows.common-controls_6595b64144ccf1df_6.0.18362.1016_none_9e7a36bbe461dae4\COMCTL32.dll
0x00007ffb4af40000 - 0x00007ffb4b275000 	C:\Windows\System32\combase.dll
0x00007ffb49370000 - 0x00007ffb493f0000 	C:\Windows\System32\bcryptPrimitives.dll
0x00007ffb49950000 - 0x00007ffb4997e000 	C:\Windows\System32\IMM32.DLL
0x00007ffb02540000 - 0x00007ffb0262f000 	C:\Program Files\AdoptOpenJDK\jdk-8.0.265.01-hotspot\jre\bin\msvcr120.dll
0x00007ffb02490000 - 0x00007ffb02536000 	C:\Program Files\AdoptOpenJDK\jdk-8.0.265.01-hotspot\jre\bin\msvcp120.dll
0x000000006caf0000 - 0x000000006d356000 	C:\Program Files\AdoptOpenJDK\jdk-8.0.265.01-hotspot\jre\bin\server\jvm.dll
0x00007ffb49760000 - 0x00007ffb49768000 	C:\Windows\System32\PSAPI.DLL
0x00007ffb440c0000 - 0x00007ffb440c9000 	C:\Windows\SYSTEM32\WSOCK32.dll
0x00007ffb49b90000 - 0x00007ffb49bff000 	C:\Windows\System32\WS2_32.dll
0x00007ffb462a0000 - 0x00007ffb462c4000 	C:\Windows\SYSTEM32\WINMM.dll
0x00007ffb42190000 - 0x00007ffb4219a000 	C:\Windows\SYSTEM32\VERSION.dll
0x00007ffb46270000 - 0x00007ffb4629d000 	C:\Windows\SYSTEM32\WINMMBASE.dll
0x00007ffb49320000 - 0x00007ffb4936a000 	C:\Windows\System32\cfgmgr32.dll
0x00007ffb44060000 - 0x00007ffb4406f000 	C:\Program Files\AdoptOpenJDK\jdk-8.0.265.01-hotspot\jre\bin\verify.dll
0x00007ffb304c0000 - 0x00007ffb304e8000 	C:\Program Files\AdoptOpenJDK\jdk-8.0.265.01-hotspot\jre\bin\java.dll
0x00007ffb34d80000 - 0x00007ffb34d96000 	C:\Program Files\AdoptOpenJDK\jdk-8.0.265.01-hotspot\jre\bin\zip.dll
0x00007ffb4a450000 - 0x00007ffb4ab37000 	C:\Windows\System32\SHELL32.dll
0x00007ffb4ac20000 - 0x00007ffb4acc9000 	C:\Windows\System32\shcore.dll
0x00007ffb484c0000 - 0x00007ffb48c42000 	C:\Windows\System32\windows.storage.dll
0x00007ffb482a0000 - 0x00007ffb482c3000 	C:\Windows\System32\profapi.dll
0x00007ffb482f0000 - 0x00007ffb4833a000 	C:\Windows\System32\powrprof.dll
0x00007ffb48270000 - 0x00007ffb48280000 	C:\Windows\System32\UMPDC.dll
0x00007ffb4b320000 - 0x00007ffb4b372000 	C:\Windows\System32\shlwapi.dll
0x00007ffb48280000 - 0x00007ffb48291000 	C:\Windows\System32\kernel.appcore.dll
0x00007ffb493f0000 - 0x00007ffb49407000 	C:\Windows\System32\cryptsp.dll
0x0000000065580000 - 0x0000000065616000 	C:\Users\fertr\AppData\Local\Temp\libgdxfertr\12dfaa03\gdx64.dll
0x00007ffb475e0000 - 0x00007ffb47613000 	C:\Windows\system32\rsaenh.dll
0x00007ffb49040000 - 0x00007ffb49066000 	C:\Windows\System32\bcrypt.dll
0x00007ffb48190000 - 0x00007ffb481b5000 	C:\Windows\SYSTEM32\USERENV.dll
0x00007ffb47c40000 - 0x00007ffb47c4c000 	C:\Windows\SYSTEM32\CRYPTBASE.dll
0x00007ffb30750000 - 0x00007ffb3076a000 	C:\Program Files\AdoptOpenJDK\jdk-8.0.265.01-hotspot\jre\bin\net.dll
0x00007ffb47a70000 - 0x00007ffb47ad7000 	C:\Windows\system32\mswsock.dll
0x00007ffb47780000 - 0x00007ffb477ba000 	C:\Windows\SYSTEM32\IPHLPAPI.DLL
0x00007ffb49df0000 - 0x00007ffb49df8000 	C:\Windows\System32\NSI.dll
0x00007ffb40400000 - 0x00007ffb40416000 	C:\Windows\SYSTEM32\dhcpcsvc6.DLL
0x00007ffb403e0000 - 0x00007ffb403fc000 	C:\Windows\SYSTEM32\dhcpcsvc.DLL
0x00007ffb477c0000 - 0x00007ffb4788b000 	C:\Windows\SYSTEM32\DNSAPI.dll
0x00007ffb304a0000 - 0x00007ffb304b2000 	C:\Program Files\AdoptOpenJDK\jdk-8.0.265.01-hotspot\jre\bin\nio.dll
0x0000000180000000 - 0x0000000180053000 	C:\Users\fertr\AppData\Local\Temp\libgdxfertr\dc0f0009\lwjgl64.dll
0x00007ffb22c90000 - 0x00007ffb22de6000 	C:\Windows\SYSTEM32\OPENGL32.dll
0x00007ffb288c0000 - 0x00007ffb288ec000 	C:\Windows\SYSTEM32\GLU32.dll
0x00007ffb46ed0000 - 0x00007ffb46ef0000 	C:\Windows\SYSTEM32\dxcore.dll
0x00000216df630000 - 0x00000216df694000 	C:\Users\fertr\AppData\Local\Temp\libgdxfertr\dc0f0009\OpenAL64.dll
0x00007ffb49a30000 - 0x00007ffb49b87000 	C:\Windows\System32\ole32.dll
0x00007ffb465d0000 - 0x00007ffb46669000 	C:\Windows\system32\uxtheme.dll
0x00007ffb49980000 - 0x00007ffb49a22000 	C:\Windows\System32\clbcatq.dll
0x00007ffb1cb30000 - 0x00007ffb1cbc9000 	C:\Windows\SYSTEM32\dsound.dll
0x00007ffb40c00000 - 0x00007ffb40c72000 	C:\Windows\System32\MMDevApi.dll
0x00007ffb48010000 - 0x00007ffb4803a000 	C:\Windows\System32\DEVOBJ.dll
0x00007ffb29330000 - 0x00007ffb2948d000 	C:\Windows\SYSTEM32\AUDIOSES.DLL
0x00007ffb4acd0000 - 0x00007ffb4ad95000 	C:\Windows\System32\OLEAUT32.dll
0x00007ffb442a0000 - 0x00007ffb443f3000 	C:\Windows\SYSTEM32\wintypes.dll
0x00007ffb34ad0000 - 0x00007ffb34cc4000 	C:\Windows\SYSTEM32\dbghelp.dll

VM Arguments:
jvm_args: -Duser.language=es_ES -Dfile.encoding=UTF-8 
java_command: org.uqbar.project.wollok.launch.WollokLauncher -requestsPort 0 -eventsPort 0 -folder -dontValidate -wf src/juego.wpgm
java_class_path (initial): C:\Users\fertr\Desktop\wollok\workspace\git\2020-o-tpi-juego-among_carpinchos\bin;C:\Users\fertr\Desktop\wollok\plugins\com.ibm.icu_64.2.0.v20190507-1337.jar;C:\Users\fertr\Desktop\wollok\plugins\org.eclipse.xtext_2.20.0.v20191202-0915.jar;C:\Users\fertr\Desktop\wollok\plugins\org.eclipse.emf.ecore.xmi_2.16.0.v20190528-0725.jar;C:\Users\fertr\Desktop\wollok\plugins\org.eclipse.emf.ecore_2.20.0.v20190920-0401.jar;C:\Users\fertr\Desktop\wollok\plugins\org.eclipse.emf.common_2.17.0.v20190920-0401.jar;C:\Users\fertr\Desktop\wollok\plugins\org.antlr.runtime_3.2.0.v201101311130.jar;C:\Users\fertr\Desktop\wollok\plugins\com.google.inject_3.0.0.v201605172100.jar;C:\Users\fertr\Desktop\wollok\plugins\org.eclipse.emf.mwe.core_1.5.1.v20191121-1148.jar;C:\Users\fertr\Desktop\wollok\plugins\org.apache.commons.cli_1.2.0.v201404270220.jar;C:\Users\fertr\Desktop\wollok\plugins\org.eclipse.emf.mwe2.runtime_2.11.1.v20191121-1148.jar;C:\Users\fertr\Desktop\wollok\plugins\org.eclipse.emf.mwe.utils_1.5.1.v20191121-1148.jar;C:\Users\fertr\Desktop\wollok\plugins\org.eclipse.xtext.util_2.20.0.v20191202-0915.jar;C:\Users\fertr\Desktop\wollok\plugins\com.google.guava_27.1.0.v20190517-1946.jar;C:\Users\fertr\Desktop\wollok\plugins\javax.inject_1.0.0.v20091030.jar;C:\Users\fertr\Desktop\wollok\plugins\org.eclipse.xtext.generator_2.20.0.v20191202-0933.jar;C:\Users\fertr\Desktop\wollok\plugins\org.eclipse.xtext.xtext.generator_2.20.0.v20191202-0915.jar;C:\Users\fertr\Desktop\wollok\plugins\org.eclipse.xtext.xbase.lib_2.20.0.v20191202-0907.jar;C:\Users\fertr\Desktop\wollok\plugins\org.eclipse.emf.codegen.ecore_2.20.0.v20191012-0918.jar;C:\Users\fertr\Desktop\wollok\plugins\org.eclipse.emf.codegen_2.19.0.v20190821-1536.jar;C:\Users\fertr\Desktop\wollok\plugins\org.eclipse.xtend_2.2.0.v201605260315.jar;C:\Users\fertr\Desktop\wollok\plugins\org.eclipse.xpand_2.2.0.v201605260315.jar;C:\Users\fertr\Desktop\wollok\plugins\org.eclipse.xtend.typesystem.emf_2.2.0.v201605260315
Launcher Type: SUN_STANDARD

Environment Variables:
PATH=C:/Program Files/AdoptOpenJDK/jdk-8.0.265.01-hotspot/bin/../jre/bin/server;C:/Program Files/AdoptOpenJDK/jdk-8.0.265.01-hotspot/bin/../jre/bin;C:/Program Files/AdoptOpenJDK/jdk-8.0.265.01-hotspot/bin/../jre/lib/amd64;C:\Program Files\AdoptOpenJDK\jdk-8.0.265.01-hotspot\bin;C:\Program Files\AdoptOpenJDK\jdk-11.0.8.10-hotspot\bin;C:\Program Files (x86)\Common Files\Oracle\Java\javapath;C:\Program Files (x86)\Common Files\Intel\Shared Libraries\redist\intel64\compiler;C:\Windows\system32;C:\Windows;C:\Windows\System32\Wbem;C:\Windows\System32\WindowsPowerShell\v1.0\;C:\Windows\System32\OpenSSH\;C:\Program Files\nodejs\;C:\Program Files\Common Files\Autodesk Shared\;C:\Program Files\Microsoft SQL Server\120\Tools\Binn\;C:\Program Files\swipl\bin;C:\Program Files\Git\cmd;C:\Users\fertr\AppData\Roaming\local\bin;C:\Users\fertr\AppData\Local\Microsoft\WindowsApps;C:\Users\fertr\AppData\Roaming\npm;C:\Users\fertr\AppData\Local\Programs\Microsoft VS Code\bin;C:\Users\fertr\Desktop\wollok;
USERNAME=fertr
OS=Windows_NT
PROCESSOR_IDENTIFIER=Intel64 Family 6 Model 42 Stepping 7, GenuineIntel



---------------  S Y S T E M  ---------------

OS: Windows 10.0 , 64 bit Build 18362 (10.0.18362.959)

CPU:total 2 (initial active 2) (2 cores per cpu, 1 threads per core) family 6 model 42 stepping 7, cmov, cx8, fxsr, mmx, sse, sse2, sse3, ssse3, sse4.1, sse4.2, popcnt, clmul, tsc, tscinvbit

Memory: 4k page, physical 8352900k(2500840k free), swap 12663592k(1705580k free)

vm_info: OpenJDK 64-Bit Server VM (25.265-b01) for windows-amd64 JRE (1.8.0_265-b01), built on Jul 28 2020 15:11:27 by "jenkins" with MS VC++ 12.0 (VS2013)

time: Tue Oct 27 13:59:57 2020
timezone: Hora estándar de Argentina
elapsed time: 26 seconds (0d 0h 0m 26s)

